<?xml version="1.0" encoding="UTF-8" ?>
<testsuite tests="10" failures="0" name="ru.itmo.java.Task2Test" time="0.308" errors="0" skipped="0">
  <properties>
[...]
</properties>
  <testcase classname="ru.itmo.java.Task2Test" name="test_xorDigits" time="0.008"/>
  <testcase classname="ru.itmo.java.Task2Test" name="test_digitInRange" time="0"/>
  <testcase classname="ru.itmo.java.Task2Test" name="test_anyIsDigit" time="0.126"/>
  <testcase classname="ru.itmo.java.Task2Test" name="test_charCode" time="0.012"/>
  <testcase classname="ru.itmo.java.Task2Test" name="test_fractionalPart" time="0.078"/>
  <testcase classname="ru.itmo.java.Task2Test" name="test_nextEvenNumber" time="0.001"/>
  <testcase classname="ru.itmo.java.Task2Test" name="test_intsEqual" time="0.082"/>
  <testcase classname="ru.itmo.java.Task2Test" name="test_areRealNumbersEqual" time="0"/>
  <testcase classname="ru.itmo.java.Task2Test" name="test_sumOfDigits" time="0.001"/>
  <testcase classname="ru.itmo.java.Task2Test" name="test_schoolDesks" time="0"/>
</testsuite>